-------------------------------------------------------------------------------
Test set: com.kgisl.ProjectBoot.ProjectBootApplicationTests
-------------------------------------------------------------------------------
Tests run: 1, Failures: 0, Errors: 1, Skipped: 0, Time elapsed: 6.456 s <<< FAILURE! - in com.kgisl.ProjectBoot.ProjectBootApplicationTests
contextLoads  Time elapsed: 0.003 s  <<< ERROR!
java.lang.IllegalStateException: Failed to load ApplicationContext
Caused by: org.springframework.beans.factory.BeanCreationException: Error creating bean with name 'entityManagerFactory' defined in class path resource [org/springframework/boot/autoconfigure/orm/jpa/HibernateJpaConfiguration.class]: Invocation of init method failed; nested exception is javax.persistence.PersistenceException: [PersistenceUnit: default] Unable to build Hibernate SessionFactory; nested exception is java.lang.IllegalArgumentException: Unrecognized legacy `hibernate.hbm2ddl.auto` value : `create and update`
Caused by: javax.persistence.PersistenceException: [PersistenceUnit: default] Unable to build Hibernate SessionFactory; nested exception is java.lang.IllegalArgumentException: Unrecognized legacy `hibernate.hbm2ddl.auto` value : `create and update`
Caused by: java.lang.IllegalArgumentException: Unrecognized legacy `hibernate.hbm2ddl.auto` value : `create and update`

